<?xml version="1.0" encoding="utf-8" standalone="no"?>
<test-results xmlns:xsi="http://www.w3.org/2001/XMLSchema-instance" xsi:noNamespaceSchemaLocation="nunit_schema_2.5.xsd" name="Pester" total="5" errors="0" failures="0" not-run="58" inconclusive="0" ignored="0" skipped="0" invalid="0" date="2024-12-11" time="15:10:21">
  <environment clr-version="8.0.10" cwd="C:\01-DEV\MyAutomatedLab\Test" machine-name="COPHGL99GW9C3" platform="Microsoft Windows 11 Professionnel|C:\windows|\Device\Harddisk0\Partition3" user-domain="FM" nunit-version="2.5.8.0" user="llienhard" os-version="10.0.22631" />
  <culture-info current-culture="en-US" current-uiculture="en-US" />
  <test-suite type="TestFixture" name="Pester" executed="True" result="Success" success="True" time="5.8233" asserts="0" description="Pester">
    <results>
      <test-suite type="TestFixture" name="C:\Program Files\PowerShell\Modules\AutomatedLabTest\5.54.0\tests\00General.tests.ps1" executed="True" result="Success" success="True" time="0.9833" asserts="0" description="C:\Program Files\PowerShell\Modules\AutomatedLabTest\5.54.0\tests\00General.tests.ps1">
        <results>
          <test-suite type="TestFixture" name="[MyTestLab] General" executed="True" result="Success" success="True" time="0.3657" asserts="0" description="[MyTestLab] General">
            <results>
              <test-suite type="TestFixture" name="[MyTestLab] General.Lab deployment successful" executed="True" result="Success" success="True" time="0.3298" asserts="0" description="[MyTestLab] General.Lab deployment successful">
                <results>
                  <test-suite type="ParameterizedTest" name="[MyTestLab] General.Lab deployment successful.[&lt;LabName&gt;] Should return the correct amount of machines" executed="True" result="Success" success="True" time="0.2608" asserts="0" description="[&lt;LabName&gt;] Should return the correct amount of machines">
                    <results>
                      <test-case description="[MyTestLab] Should return the correct amount of machines" name="[MyTestLab] General.Lab deployment successful.[MyTestLab] Should return the correct amount of machines" time="0.2608" asserts="0" success="True" result="Success" executed="True" />
                    </results>
                  </test-suite>
                </results>
              </test-suite>
            </results>
          </test-suite>
        </results>
      </test-suite>
      <test-suite type="TestFixture" name="C:\Program Files\PowerShell\Modules\AutomatedLabTest\5.54.0\tests\RootDC.tests.ps1" executed="True" result="Success" success="True" time="2.7792" asserts="0" description="C:\Program Files\PowerShell\Modules\AutomatedLabTest\5.54.0\tests\RootDC.tests.ps1">
        <results>
          <test-suite type="TestFixture" name="[MyTestLab] DC Generic" executed="True" result="Success" success="True" time="1.3361" asserts="0" description="[MyTestLab] DC Generic">
            <results>
              <test-suite type="TestFixture" name="[MyTestLab] DC Generic.Role deployment successful" executed="True" result="Success" success="True" time="1.3189" asserts="0" description="[MyTestLab] DC Generic.Role deployment successful">
                <results>
                  <test-case description="[RootDC] Should return the correct amount of machines" name="[MyTestLab] DC Generic.Role deployment successful.[RootDC] Should return the correct amount of machines" time="0.0262" asserts="0" success="True" result="Success" executed="True" />
                  <test-suite type="ParameterizedTest" name="[MyTestLab] DC Generic.Role deployment successful.DC1 should have ADWS running" executed="True" result="Success" success="True" time="0.6312" asserts="0" description="DC1 should have ADWS running">
                    <results>
                      <test-case description="DC1 should have ADWS running" name="[MyTestLab] DC Generic.Role deployment successful.DC1 should have ADWS running(DC1)" time="0.6312" asserts="0" success="True" result="Success" executed="True" />
                    </results>
                  </test-suite>
                  <test-suite type="ParameterizedTest" name="[MyTestLab] DC Generic.Role deployment successful.DC1 should respond to ADWS calls" executed="True" result="Success" success="True" time="0.6446" asserts="0" description="DC1 should respond to ADWS calls">
                    <results>
                      <test-case description="DC1 should respond to ADWS calls" name="[MyTestLab] DC Generic.Role deployment successful.DC1 should respond to ADWS calls(DC1)" time="0.6446" asserts="0" success="True" result="Success" executed="True" />
                    </results>
                  </test-suite>
                </results>
              </test-suite>
            </results>
          </test-suite>
          <test-suite type="TestFixture" name="[MyTestLab] RootDC specific" executed="True" result="Success" success="True" time="2.5686" asserts="0" description="[MyTestLab] RootDC specific">
            <results>
              <test-suite type="ParameterizedTest" name="[MyTestLab] RootDC specific.DC1 should hold PDC emulator FSMO role" executed="True" result="Success" success="True" time="1.2133" asserts="0" description="DC1 should hold PDC emulator FSMO role">
                <results>
                  <test-case description="DC1 should hold PDC emulator FSMO role" name="[MyTestLab] RootDC specific.DC1 should hold PDC emulator FSMO role(DC1)" time="1.2133" asserts="0" success="True" result="Success" executed="True" />
                </results>
              </test-suite>
            </results>
          </test-suite>
        </results>
      </test-suite>
    </results>
  </test-suite>
</test-results>